commit 6012923624874d1824441180c235e05760f6c7b9
Author: Delerrr <2338787978@qq.com>
Date:   Thu Oct 27 14:16:31 2022 +0800

    Answered third set

commit 5b20f2eac0404f4e9696785ffaff83a7d1dd86c9
Author: Delerrr <2338787978@qq.com>
Date:   Thu Oct 27 14:11:18 2022 +0800

    Answered fisrt and second set

commit d5ddc26cbedf1355abe19f94548723d176042b6c
Author: ubuntu <ubuntu@localhost.localdomain>
Date:   Thu Oct 27 13:45:49 2022 +0800

    Answered first set

commit 08e1b50a4ead5a4a06796a9852931d4735cea2ab
Author: Delerrr <95750785+Delerrr@users.noreply.github.com>
Date:   Thu Oct 27 10:25:51 2022 +0800

    add labs folder

commit d51b4360b55cf74e827bfbba982f1575222584ce
Author: Delerrr <95750785+Delerrr@users.noreply.github.com>
Date:   Thu Oct 27 09:11:38 2022 +0800

    finish disc1

commit c706d45998c89241cd7023831caf70e10198aa8b
Author: Delerrr <95750785+Delerrr@users.noreply.github.com>
Date:   Wed Oct 26 23:27:37 2022 +0800

    Initial commit
